Replace Part C32 CAP CER 10nF 0603 in C:\Users\Public\Documents\Altium\Projects\HOME_SECURITY_SYSTEM\AUX_Sensor_Board.SchDoc with CAP CER 10nF 0603 from HOME_SECURITY_SYSTEM_PROJECT_LIB.IntLib
Replace Part C33 CAP CER 33uF 1206 in C:\Users\Public\Documents\Altium\Projects\HOME_SECURITY_SYSTEM\AUX_Sensor_Board.SchDoc with CAP CER 33uF 1206 from HOME_SECURITY_SYSTEM_PROJECT_LIB.IntLib
Replace Part C34 CAP CER 33uF 1206 in C:\Users\Public\Documents\Altium\Projects\HOME_SECURITY_SYSTEM\AUX_Sensor_Board.SchDoc with CAP CER 33uF 1206 from HOME_SECURITY_SYSTEM_PROJECT_LIB.IntLib
Replace Part C35 CAP CER 100nF 0603 in C:\Users\Public\Documents\Altium\Projects\HOME_SECURITY_SYSTEM\AUX_Sensor_Board.SchDoc with CAP CER 100nF 0603 from HOME_SECURITY_SYSTEM_PROJECT_LIB.IntLib
Replace Part C36 CAP CER 10nF 0603 in C:\Users\Public\Documents\Altium\Projects\HOME_SECURITY_SYSTEM\AUX_Sensor_Board.SchDoc with CAP CER 10nF 0603 from HOME_SECURITY_SYSTEM_PROJECT_LIB.IntLib
Replace Part C37 CAP CER 4.7uF 0805 in C:\Users\Public\Documents\Altium\Projects\HOME_SECURITY_SYSTEM\AUX_Sensor_Board.SchDoc with CAP CER 4.7uF 0805 from HOME_SECURITY_SYSTEM_PROJECT_LIB.IntLib
Replace Part C38 CAP CER 100nF 0603 in C:\Users\Public\Documents\Altium\Projects\HOME_SECURITY_SYSTEM\AUX_Sensor_Board.SchDoc with CAP CER 100nF 0603 from HOME_SECURITY_SYSTEM_PROJECT_LIB.IntLib
Replace Part C39 CAP CER 1uF 0805 in C:\Users\Public\Documents\Altium\Projects\HOME_SECURITY_SYSTEM\AUX_Sensor_Board.SchDoc with CAP CER 1uF 0805 from HOME_SECURITY_SYSTEM_PROJECT_LIB.IntLib
Replace Part C40 CAP CER 100nF 0603 in C:\Users\Public\Documents\Altium\Projects\HOME_SECURITY_SYSTEM\AUX_Sensor_Board.SchDoc with CAP CER 100nF 0603 from HOME_SECURITY_SYSTEM_PROJECT_LIB.IntLib
Replace Part C41 CAP CER 100nF 0603 in C:\Users\Public\Documents\Altium\Projects\HOME_SECURITY_SYSTEM\AUX_Sensor_Board.SchDoc with CAP CER 100nF 0603 from HOME_SECURITY_SYSTEM_PROJECT_LIB.IntLib
Replace Part C42 CAP CER 100nF 0603 in C:\Users\Public\Documents\Altium\Projects\HOME_SECURITY_SYSTEM\AUX_Sensor_Board.SchDoc with CAP CER 100nF 0603 from HOME_SECURITY_SYSTEM_PROJECT_LIB.IntLib
Replace Part C43 CAP CER 1uF 0805 in C:\Users\Public\Documents\Altium\Projects\HOME_SECURITY_SYSTEM\AUX_Sensor_Board.SchDoc with CAP CER 1uF 0805 from HOME_SECURITY_SYSTEM_PROJECT_LIB.IntLib
Replace Part C44 CAP CER 4.7uF 0805 in C:\Users\Public\Documents\Altium\Projects\HOME_SECURITY_SYSTEM\AUX_Sensor_Board.SchDoc with CAP CER 4.7uF 0805 from HOME_SECURITY_SYSTEM_PROJECT_LIB.IntLib
Replace Part C45 CAP CER 4.7uF 0805 in C:\Users\Public\Documents\Altium\Projects\HOME_SECURITY_SYSTEM\AUX_Sensor_Board.SchDoc with CAP CER 4.7uF 0805 from HOME_SECURITY_SYSTEM_PROJECT_LIB.IntLib
Replace Part C46 CAP CER 1uF 0805 in C:\Users\Public\Documents\Altium\Projects\HOME_SECURITY_SYSTEM\AUX_Sensor_Board.SchDoc with CAP CER 1uF 0805 from HOME_SECURITY_SYSTEM_PROJECT_LIB.IntLib
Replace Part D5 LED GREEN 0805 in C:\Users\Public\Documents\Altium\Projects\HOME_SECURITY_SYSTEM\AUX_Sensor_Board.SchDoc with LED GREEN 0805 from HOME_SECURITY_SYSTEM_PROJECT_LIB.IntLib
Replace Part D6 LED RED 0805 in C:\Users\Public\Documents\Altium\Projects\HOME_SECURITY_SYSTEM\AUX_Sensor_Board.SchDoc with LED RED 0805 from HOME_SECURITY_SYSTEM_PROJECT_LIB.IntLib
Replace Part J9 64800611622_conn_6pin in C:\Users\Public\Documents\Altium\Projects\HOME_SECURITY_SYSTEM\AUX_Sensor_Board.SchDoc with 64800611622_conn_6pin from HOME_SECURITY_SYSTEM_PROJECT_LIB.IntLib
Replace Part Q5 MMBT3904-7-F in C:\Users\Public\Documents\Altium\Projects\HOME_SECURITY_SYSTEM\AUX_Sensor_Board.SchDoc with MMBT3904-7-F from HOME_SECURITY_SYSTEM_PROJECT_LIB.IntLib
Replace Part R23 RES 10K OHM 0603 in C:\Users\Public\Documents\Altium\Projects\HOME_SECURITY_SYSTEM\AUX_Sensor_Board.SchDoc with RES 10K OHM 0603 from HOME_SECURITY_SYSTEM_PROJECT_LIB.IntLib
Replace Part R24 RES 10K OHM 0603 in C:\Users\Public\Documents\Altium\Projects\HOME_SECURITY_SYSTEM\AUX_Sensor_Board.SchDoc with RES 10K OHM 0603 from HOME_SECURITY_SYSTEM_PROJECT_LIB.IntLib
Replace Part R25 RES 560K OHM 0603 in C:\Users\Public\Documents\Altium\Projects\HOME_SECURITY_SYSTEM\AUX_Sensor_Board.SchDoc with RES 560K OHM 0603 from HOME_SECURITY_SYSTEM_PROJECT_LIB.IntLib
Replace Part R26 RES 10K OHM 0603 in C:\Users\Public\Documents\Altium\Projects\HOME_SECURITY_SYSTEM\AUX_Sensor_Board.SchDoc with RES 10K OHM 0603 from HOME_SECURITY_SYSTEM_PROJECT_LIB.IntLib
Replace Part R27 RES 560K OHM 0603 in C:\Users\Public\Documents\Altium\Projects\HOME_SECURITY_SYSTEM\AUX_Sensor_Board.SchDoc with RES 560K OHM 0603 from HOME_SECURITY_SYSTEM_PROJECT_LIB.IntLib
Replace Part R28 RES 1K OHM 0603 in C:\Users\Public\Documents\Altium\Projects\HOME_SECURITY_SYSTEM\AUX_Sensor_Board.SchDoc with RES 1K OHM 0603 from HOME_SECURITY_SYSTEM_PROJECT_LIB.IntLib
Replace Part R29 RES 43K OHM 0603 in C:\Users\Public\Documents\Altium\Projects\HOME_SECURITY_SYSTEM\AUX_Sensor_Board.SchDoc with RES 43K OHM 0603 from HOME_SECURITY_SYSTEM_PROJECT_LIB.IntLib
Replace Part R30 RES 220K OHM 0603 in C:\Users\Public\Documents\Altium\Projects\HOME_SECURITY_SYSTEM\AUX_Sensor_Board.SchDoc with RES 220K OHM 0603 from HOME_SECURITY_SYSTEM_PROJECT_LIB.IntLib
Replace Part R31 RES 220K OHM 0603 in C:\Users\Public\Documents\Altium\Projects\HOME_SECURITY_SYSTEM\AUX_Sensor_Board.SchDoc with RES 220K OHM 0603 from HOME_SECURITY_SYSTEM_PROJECT_LIB.IntLib
Replace Part R32 RES 0 OHM 0603 in C:\Users\Public\Documents\Altium\Projects\HOME_SECURITY_SYSTEM\AUX_Sensor_Board.SchDoc with RES 0 OHM 0603 from HOME_SECURITY_SYSTEM_PROJECT_LIB.IntLib
Replace Part R33 RES 0 OHM 0603 in C:\Users\Public\Documents\Altium\Projects\HOME_SECURITY_SYSTEM\AUX_Sensor_Board.SchDoc with RES 0 OHM 0603 from HOME_SECURITY_SYSTEM_PROJECT_LIB.IntLib
Replace Part R34 RES 1K OHM 0603 in C:\Users\Public\Documents\Altium\Projects\HOME_SECURITY_SYSTEM\AUX_Sensor_Board.SchDoc with RES 1K OHM 0603 from HOME_SECURITY_SYSTEM_PROJECT_LIB.IntLib
Replace Part R35 RES 220K OHM 0603 in C:\Users\Public\Documents\Altium\Projects\HOME_SECURITY_SYSTEM\AUX_Sensor_Board.SchDoc with RES 220K OHM 0603 from HOME_SECURITY_SYSTEM_PROJECT_LIB.IntLib
Replace Part R36 RES 1K OHM 0603 in C:\Users\Public\Documents\Altium\Projects\HOME_SECURITY_SYSTEM\AUX_Sensor_Board.SchDoc with RES 1K OHM 0603 from HOME_SECURITY_SYSTEM_PROJECT_LIB.IntLib
Replace Part R37 RES 100 OHM 0603 in C:\Users\Public\Documents\Altium\Projects\HOME_SECURITY_SYSTEM\AUX_Sensor_Board.SchDoc with RES 100 OHM 0603 from HOME_SECURITY_SYSTEM_PROJECT_LIB.IntLib
Replace Part RT1 TFPT1206L1002FM in C:\Users\Public\Documents\Altium\Projects\HOME_SECURITY_SYSTEM\AUX_Sensor_Board.SchDoc with TFPT1206L1002FM from HOME_SECURITY_SYSTEM_PROJECT_LIB.IntLib
Replace Part S1 LHI 878/3902 in C:\Users\Public\Documents\Altium\Projects\HOME_SECURITY_SYSTEM\AUX_Sensor_Board.SchDoc with LHI 878/3902 from HOME_SECURITY_SYSTEM_PROJECT_LIB.IntLib
Replace Part U8 OPA314 in C:\Users\Public\Documents\Altium\Projects\HOME_SECURITY_SYSTEM\AUX_Sensor_Board.SchDoc with OPA314 from HOME_SECURITY_SYSTEM_PROJECT_LIB.IntLib
Replace Part U9 NCS36000 in C:\Users\Public\Documents\Altium\Projects\HOME_SECURITY_SYSTEM\AUX_Sensor_Board.SchDoc with NCS36000 from HOME_SECURITY_SYSTEM_PROJECT_LIB.IntLib
