Added Pin To Net: NetName=GND Pin=BT?-
Added Pin To Net: NetName=GND Pin=BT?-
Added Member To Class: ClassName=MCU Member=Component C? C0603C104K5RACTU
Added Member To Class: ClassName=MCU Member=Component C? CL21B104KBCNNNC
Added Member To Class: ClassName=MCU Member=Component C? C0603C104K5RACTU
Added Member To Class: ClassName=MCU Member=Component C? CL21B105KBFNNNE
Added Member To Class: ClassName=MCU Member=Component C? CL21B105KBFNNNE
Added Member To Class: ClassName=MCU Member=Component C? CL21B104KBCNNNC
Added Member To Class: ClassName=MCU Member=Component C? CL21A475KAQNNNE
Added Member To Class: ClassName=MCU Member=Component C? CL21B105KBFNNNE
Added Member To Class: ClassName=MCU Member=Component C? CL10C200JB8NNNC
Added Member To Class: ClassName=MCU Member=Component C? CL21A475KAQNNNE
Added Member To Class: ClassName=MCU Member=Component C? CL21B105KBFNNNE
Added Member To Class: ClassName=MCU Member=Component C? C0603C104K5RACTU
Added Member To Class: ClassName=MCU Member=Component C? CL21B104KBCNNNC
Added Member To Class: ClassName=MCU Member=Component C? C0603C104K5RACTU
Added Member To Class: ClassName=MCU Member=Component C? CL21B104KBCNNNC
Added Member To Class: ClassName=MCU Member=Component C? CL10C200JB8NNNC
Added Member To Class: ClassName=Power_Managment Member=Component C? CL21B104KBCNNNC
Added Member To Class: ClassName=Power_Managment Member=Component C? CL21A475KAQNNNE
Added Member To Class: ClassName=Power_Managment Member=Component C? CL21B104KBCNNNC
Added Member To Class: ClassName=Power_Managment Member=Component C? ESH477M050AH4AA
Added Member To Class: ClassName=Power_Managment Member=Component C? ESH477M050AH4AA
Added Member To Class: ClassName=Power_Managment Member=Component C? CL21B105KBFNNNE
Added Member To Class: ClassName=Power_Managment Member=Component C? EEV686M035A9HAA
Added Member To Class: ClassName=Power_Managment Member=Component C? CL21B105KBFNNNE
Added Member To Class: ClassName=Power_Managment Member=Component C? CL21B104KBCNNNC
Added Member To Class: ClassName=Power_Managment Member=Component C? CL21B105KBFNNNE
Added Member To Class: ClassName=Power_Managment Member=Component D? 1SMB5919BT3G
Added Member To Class: ClassName=Power_Managment Member=Component D? 1N4148WS
Added Member To Class: ClassName=Power_Managment Member=Component D? 1N4148WS
Added Member To Class: ClassName=Power_Managment Member=Component J? TBP01R1-508-02BE
Added Member To Class: ClassName=Power_Managment Member=Component J? 64800611622
Added Member To Class: ClassName=Power_Managment Member=Component J? PJ-037AH-SMT-TR
Added Member To Class: ClassName=Power_Managment Member=Component J? TBP01R1-508-02BE
Added Member To Class: ClassName=Power_Managment Member=Component J? TBP01R1-508-02BE
Added Member To Class: ClassName=MCU Member=Component Q? MMBT3904-7-F
Added Member To Class: ClassName=Power_Managment Member=Component Q? MMBT3904-7-F
Added Member To Class: ClassName=MCU Member=Component R? RC0603JR-07100RL
Added Member To Class: ClassName=MCU Member=Component R? RC0603JR-07100RL
Added Member To Class: ClassName=MCU Member=Component R? RC0603JR-07100RL
Added Member To Class: ClassName=MCU Member=Component R? RC0603JR-07100RL
Added Member To Class: ClassName=MCU Member=Component R? RC0603JR-07100RL
Added Member To Class: ClassName=MCU Member=Component R? RC0603JR-07100RL
Added Member To Class: ClassName=MCU Member=Component R? RC0603JR-074K7L
Added Member To Class: ClassName=MCU Member=Component R? RC0603JR-07100RL
Added Member To Class: ClassName=MCU Member=Component R? RC0603JR-07100RL
Added Member To Class: ClassName=MCU Member=Component R? RC0603FR-0710KL
Added Member To Class: ClassName=MCU Member=Component R? RC0603JR-07100RL
Added Member To Class: ClassName=MCU Member=Component R? RC0603JR-0715RL
Added Member To Class: ClassName=MCU Member=Component R? RC0603JR-07100RL
Added Member To Class: ClassName=MCU Member=Component R? RC0603JR-074K7L
Added Member To Class: ClassName=MCU Member=Component R? RC0603JR-07100RL
Added Member To Class: ClassName=MCU Member=Component R? RC0603JR-07100RL
Added Member To Class: ClassName=Power_Managment Member=Component R? 5WD27
Added Member To Class: ClassName=Power_Managment Member=Component R? RC0603FR-0710KL
Added Member To Class: ClassName=Power_Managment Member=Component R? RC0603FR-0710KL
Added Member To Class: ClassName=Power_Managment Member=Component R? RC0603FR-0710KL
Added Member To Class: ClassName=Power_Managment Member=Component RL? ALQ112
Added Member To Class: ClassName=MCU Member=Component U? MAX6662
Added Member To Class: ClassName=MCU Member=Component U? M41T00M6F
Added Member To Class: ClassName=MCU Member=Component U? ESP32-WROOM-32
Added Member To Class: ClassName=Power_Managment Member=Component U? LM2675MX-12/NOPB
Added Member To Class: ClassName=MCU Member=Component X? ABS05-32.768KHZ-T
