Replace Part BT1 1056 in C:\Users\Public\Documents\Altium\Projects\HOME_SECURITY_SYSTEM\MCU.SchDoc with 1056 from HOME_SECURITY_SYSTEM_PROJECT_LIB.IntLib
Replace Part BZ1 CMI-9605IC-0580T in C:\Users\Public\Documents\Altium\Projects\HOME_SECURITY_SYSTEM\MCU.SchDoc with CMI-9605IC-0580T from HOME_SECURITY_SYSTEM_PROJECT_LIB.IntLib
Replace Part C15 CAP CER 100nF 0805 in C:\Users\Public\Documents\Altium\Projects\HOME_SECURITY_SYSTEM\MCU.SchDoc with CAP CER 100nF 0805 from HOME_SECURITY_SYSTEM_PROJECT_LIB.IntLib
Replace Part C16 CAP CER 100nF 0603 in C:\Users\Public\Documents\Altium\Projects\HOME_SECURITY_SYSTEM\MCU.SchDoc with CAP CER 100nF 0603 from HOME_SECURITY_SYSTEM_PROJECT_LIB.IntLib
Replace Part C17 CAP CER 4.7uF 0805 in C:\Users\Public\Documents\Altium\Projects\HOME_SECURITY_SYSTEM\MCU.SchDoc with CAP CER 4.7uF 0805 from HOME_SECURITY_SYSTEM_PROJECT_LIB.IntLib
Replace Part C18 CAP CER 20pF 0603 in C:\Users\Public\Documents\Altium\Projects\HOME_SECURITY_SYSTEM\MCU.SchDoc with CAP CER 20pF 0603 from HOME_SECURITY_SYSTEM_PROJECT_LIB.IntLib
Replace Part C19 CAP CER 20pF 0603 in C:\Users\Public\Documents\Altium\Projects\HOME_SECURITY_SYSTEM\MCU.SchDoc with CAP CER 20pF 0603 from HOME_SECURITY_SYSTEM_PROJECT_LIB.IntLib
Replace Part C20 CAP CER 1uF 0805 in C:\Users\Public\Documents\Altium\Projects\HOME_SECURITY_SYSTEM\MCU.SchDoc with CAP CER 1uF 0805 from HOME_SECURITY_SYSTEM_PROJECT_LIB.IntLib
Replace Part C21 CAP CER 4.7uF 0805 in C:\Users\Public\Documents\Altium\Projects\HOME_SECURITY_SYSTEM\MCU.SchDoc with CAP CER 4.7uF 0805 from HOME_SECURITY_SYSTEM_PROJECT_LIB.IntLib
Replace Part C22 CAP CER 1uF 0805 in C:\Users\Public\Documents\Altium\Projects\HOME_SECURITY_SYSTEM\MCU.SchDoc with CAP CER 1uF 0805 from HOME_SECURITY_SYSTEM_PROJECT_LIB.IntLib
Replace Part C23 CAP CER 100nF 0805 in C:\Users\Public\Documents\Altium\Projects\HOME_SECURITY_SYSTEM\MCU.SchDoc with CAP CER 100nF 0805 from HOME_SECURITY_SYSTEM_PROJECT_LIB.IntLib
Replace Part C24 CAP CER 100nF 0603 in C:\Users\Public\Documents\Altium\Projects\HOME_SECURITY_SYSTEM\MCU.SchDoc with CAP CER 100nF 0603 from HOME_SECURITY_SYSTEM_PROJECT_LIB.IntLib
Replace Part C25 CAP CER 100nF 0603 in C:\Users\Public\Documents\Altium\Projects\HOME_SECURITY_SYSTEM\MCU.SchDoc with CAP CER 100nF 0603 from HOME_SECURITY_SYSTEM_PROJECT_LIB.IntLib
Replace Part C26 CAP CER 100nF 0603 in C:\Users\Public\Documents\Altium\Projects\HOME_SECURITY_SYSTEM\MCU.SchDoc with CAP CER 100nF 0603 from HOME_SECURITY_SYSTEM_PROJECT_LIB.IntLib
Replace Part C27 CAP CER 100nF 0603 in C:\Users\Public\Documents\Altium\Projects\HOME_SECURITY_SYSTEM\MCU.SchDoc with CAP CER 100nF 0603 from HOME_SECURITY_SYSTEM_PROJECT_LIB.IntLib
Replace Part C28 CAP CER 1uF 0805 in C:\Users\Public\Documents\Altium\Projects\HOME_SECURITY_SYSTEM\MCU.SchDoc with CAP CER 1uF 0805 from HOME_SECURITY_SYSTEM_PROJECT_LIB.IntLib
Replace Part C29 CAP CER 100nF 0805 in C:\Users\Public\Documents\Altium\Projects\HOME_SECURITY_SYSTEM\MCU.SchDoc with CAP CER 100nF 0805 from HOME_SECURITY_SYSTEM_PROJECT_LIB.IntLib
Replace Part C30 CAP CER 100nF 0805 in C:\Users\Public\Documents\Altium\Projects\HOME_SECURITY_SYSTEM\MCU.SchDoc with CAP CER 100nF 0805 from HOME_SECURITY_SYSTEM_PROJECT_LIB.IntLib
Replace Part C31 CAP CER 1uF 0805 in C:\Users\Public\Documents\Altium\Projects\HOME_SECURITY_SYSTEM\MCU.SchDoc with CAP CER 1uF 0805 from HOME_SECURITY_SYSTEM_PROJECT_LIB.IntLib
Replace Part Q3 MMBT3904-7-F in C:\Users\Public\Documents\Altium\Projects\HOME_SECURITY_SYSTEM\MCU.SchDoc with MMBT3904-7-F from HOME_SECURITY_SYSTEM_PROJECT_LIB.IntLib
Replace Part Q4 MMBT3904-7-F in C:\Users\Public\Documents\Altium\Projects\HOME_SECURITY_SYSTEM\MCU.SchDoc with MMBT3904-7-F from HOME_SECURITY_SYSTEM_PROJECT_LIB.IntLib
Replace Part R6 RES 100 OHM 0603 in C:\Users\Public\Documents\Altium\Projects\HOME_SECURITY_SYSTEM\MCU.SchDoc with RES 100 OHM 0603 from HOME_SECURITY_SYSTEM_PROJECT_LIB.IntLib
Replace Part R7 RES 100 OHM 0603 in C:\Users\Public\Documents\Altium\Projects\HOME_SECURITY_SYSTEM\MCU.SchDoc with RES 100 OHM 0603 from HOME_SECURITY_SYSTEM_PROJECT_LIB.IntLib
Replace Part R8 RES 100 OHM 0603 in C:\Users\Public\Documents\Altium\Projects\HOME_SECURITY_SYSTEM\MCU.SchDoc with RES 100 OHM 0603 from HOME_SECURITY_SYSTEM_PROJECT_LIB.IntLib
Replace Part R9 RES 1K OHM 0603 in C:\Users\Public\Documents\Altium\Projects\HOME_SECURITY_SYSTEM\MCU.SchDoc with RES 1K OHM 0603 from HOME_SECURITY_SYSTEM_PROJECT_LIB.IntLib
Replace Part R10 RES 15 OHM 0603 in C:\Users\Public\Documents\Altium\Projects\HOME_SECURITY_SYSTEM\MCU.SchDoc with RES 15 OHM 0603 from HOME_SECURITY_SYSTEM_PROJECT_LIB.IntLib
Replace Part R11 RES 15 OHM 0603 in C:\Users\Public\Documents\Altium\Projects\HOME_SECURITY_SYSTEM\MCU.SchDoc with RES 15 OHM 0603 from HOME_SECURITY_SYSTEM_PROJECT_LIB.IntLib
Replace Part R12 RES 100 OHM 0603 in C:\Users\Public\Documents\Altium\Projects\HOME_SECURITY_SYSTEM\MCU.SchDoc with RES 100 OHM 0603 from HOME_SECURITY_SYSTEM_PROJECT_LIB.IntLib
Replace Part R13 RES 100 OHM 0603 in C:\Users\Public\Documents\Altium\Projects\HOME_SECURITY_SYSTEM\MCU.SchDoc with RES 100 OHM 0603 from HOME_SECURITY_SYSTEM_PROJECT_LIB.IntLib
Replace Part R14 RES 100 OHM 0603 in C:\Users\Public\Documents\Altium\Projects\HOME_SECURITY_SYSTEM\MCU.SchDoc with RES 100 OHM 0603 from HOME_SECURITY_SYSTEM_PROJECT_LIB.IntLib
Replace Part R15 RES 100 OHM 0603 in C:\Users\Public\Documents\Altium\Projects\HOME_SECURITY_SYSTEM\MCU.SchDoc with RES 100 OHM 0603 from HOME_SECURITY_SYSTEM_PROJECT_LIB.IntLib
Replace Part R16 RES 4K7 OHM 0603 in C:\Users\Public\Documents\Altium\Projects\HOME_SECURITY_SYSTEM\MCU.SchDoc with RES 4K7 OHM 0603 from HOME_SECURITY_SYSTEM_PROJECT_LIB.IntLib
Replace Part R17 RES 4K7 OHM 0603 in C:\Users\Public\Documents\Altium\Projects\HOME_SECURITY_SYSTEM\MCU.SchDoc with RES 4K7 OHM 0603 from HOME_SECURITY_SYSTEM_PROJECT_LIB.IntLib
Replace Part R18 RES 100 OHM 0603 in C:\Users\Public\Documents\Altium\Projects\HOME_SECURITY_SYSTEM\MCU.SchDoc with RES 100 OHM 0603 from HOME_SECURITY_SYSTEM_PROJECT_LIB.IntLib
Replace Part R19 RES 100 OHM 0603 in C:\Users\Public\Documents\Altium\Projects\HOME_SECURITY_SYSTEM\MCU.SchDoc with RES 100 OHM 0603 from HOME_SECURITY_SYSTEM_PROJECT_LIB.IntLib
Replace Part R20 RES 100 OHM 0603 in C:\Users\Public\Documents\Altium\Projects\HOME_SECURITY_SYSTEM\MCU.SchDoc with RES 100 OHM 0603 from HOME_SECURITY_SYSTEM_PROJECT_LIB.IntLib
Replace Part R21 RES 100 OHM 0603 in C:\Users\Public\Documents\Altium\Projects\HOME_SECURITY_SYSTEM\MCU.SchDoc with RES 100 OHM 0603 from HOME_SECURITY_SYSTEM_PROJECT_LIB.IntLib
Replace Part R22 RES 100 OHM 0603 in C:\Users\Public\Documents\Altium\Projects\HOME_SECURITY_SYSTEM\MCU.SchDoc with RES 100 OHM 0603 from HOME_SECURITY_SYSTEM_PROJECT_LIB.IntLib
Replace Part SW1 EG1215AA in C:\Users\Public\Documents\Altium\Projects\HOME_SECURITY_SYSTEM\MCU.SchDoc with EG1215AA from HOME_SECURITY_SYSTEM_PROJECT_LIB.IntLib
Replace Part U3 ESP32-WROOM-32 in C:\Users\Public\Documents\Altium\Projects\HOME_SECURITY_SYSTEM\MCU.SchDoc with ESP32-WROOM-32 from HOME_SECURITY_SYSTEM_PROJECT_LIB.IntLib
Replace Part U4 STM32F103C6T6A in C:\Users\Public\Documents\Altium\Projects\HOME_SECURITY_SYSTEM\MCU.SchDoc with STM32F103C6T6A from HOME_SECURITY_SYSTEM_PROJECT_LIB.IntLib
Replace Part U5 USB PROTECTION in C:\Users\Public\Documents\Altium\Projects\HOME_SECURITY_SYSTEM\MCU.SchDoc with USB PROTECTION from HOME_SECURITY_SYSTEM_PROJECT_LIB.IntLib
Replace Part U6 M41T00M6F in C:\Users\Public\Documents\Altium\Projects\HOME_SECURITY_SYSTEM\MCU.SchDoc with M41T00M6F from HOME_SECURITY_SYSTEM_PROJECT_LIB.IntLib
Replace Part U7 MAX6662 in C:\Users\Public\Documents\Altium\Projects\HOME_SECURITY_SYSTEM\MCU.SchDoc with MAX6662 from HOME_SECURITY_SYSTEM_PROJECT_LIB.IntLib
Replace Part X1 CRYSTAL 16MHz in C:\Users\Public\Documents\Altium\Projects\HOME_SECURITY_SYSTEM\MCU.SchDoc with CRYSTAL 16MHz from HOME_SECURITY_SYSTEM_PROJECT_LIB.IntLib
Replace Part X2 CRYSTAL 32768kHZ in C:\Users\Public\Documents\Altium\Projects\HOME_SECURITY_SYSTEM\MCU.SchDoc with CRYSTAL 32768kHZ from HOME_SECURITY_SYSTEM_PROJECT_LIB.IntLib
