Replace Part BR1 DB105STR in C:\Users\Public\Documents\Altium\Projects\HOME_SECURITY_SYSTEM\Power_Managment.SchDoc with DB105STR from HOME_SECURITY_SYSTEM_PROJECT_LIB.IntLib
Replace Part C1 CAP CER 1uF 0805 in C:\Users\Public\Documents\Altium\Projects\HOME_SECURITY_SYSTEM\Power_Managment.SchDoc with CAP CER 1uF 0805 from HOME_SECURITY_SYSTEM_PROJECT_LIB.IntLib
Replace Part C2 CAP CER 100nF 0805 in C:\Users\Public\Documents\Altium\Projects\HOME_SECURITY_SYSTEM\Power_Managment.SchDoc with CAP CER 100nF 0805 from HOME_SECURITY_SYSTEM_PROJECT_LIB.IntLib
Replace Part C3 CAP CER 4.7uF 0805 in C:\Users\Public\Documents\Altium\Projects\HOME_SECURITY_SYSTEM\Power_Managment.SchDoc with CAP CER 4.7uF 0805 from HOME_SECURITY_SYSTEM_PROJECT_LIB.IntLib
Replace Part C4 CAP CER 1uF 0805 in C:\Users\Public\Documents\Altium\Projects\HOME_SECURITY_SYSTEM\Power_Managment.SchDoc with CAP CER 1uF 0805 from HOME_SECURITY_SYSTEM_PROJECT_LIB.IntLib
Replace Part C5 CAP ALU ELEC 470uF 50V in C:\Users\Public\Documents\Altium\Projects\HOME_SECURITY_SYSTEM\Power_Managment.SchDoc with CAP ALU ELEC 470uF 50V from HOME_SECURITY_SYSTEM_PROJECT_LIB.IntLib
Replace Part C6 CAP ALU ELEC 470uF 50V in C:\Users\Public\Documents\Altium\Projects\HOME_SECURITY_SYSTEM\Power_Managment.SchDoc with CAP ALU ELEC 470uF 50V from HOME_SECURITY_SYSTEM_PROJECT_LIB.IntLib
Replace Part C7 CAP CER 4.7uF 0805 in C:\Users\Public\Documents\Altium\Projects\HOME_SECURITY_SYSTEM\Power_Managment.SchDoc with CAP CER 4.7uF 0805 from HOME_SECURITY_SYSTEM_PROJECT_LIB.IntLib
Replace Part C8 CAP CER 1uF 0805 in C:\Users\Public\Documents\Altium\Projects\HOME_SECURITY_SYSTEM\Power_Managment.SchDoc with CAP CER 1uF 0805 from HOME_SECURITY_SYSTEM_PROJECT_LIB.IntLib
Replace Part C9 CAP CER 100nF 0805 in C:\Users\Public\Documents\Altium\Projects\HOME_SECURITY_SYSTEM\Power_Managment.SchDoc with CAP CER 100nF 0805 from HOME_SECURITY_SYSTEM_PROJECT_LIB.IntLib
Replace Part C10 CAP CER 4.7uF 0805 in C:\Users\Public\Documents\Altium\Projects\HOME_SECURITY_SYSTEM\Power_Managment.SchDoc with CAP CER 4.7uF 0805 from HOME_SECURITY_SYSTEM_PROJECT_LIB.IntLib
Replace Part C11 CAP CER 4.7uF 0805 in C:\Users\Public\Documents\Altium\Projects\HOME_SECURITY_SYSTEM\Power_Managment.SchDoc with CAP CER 4.7uF 0805 from HOME_SECURITY_SYSTEM_PROJECT_LIB.IntLib
Replace Part C12 CAP CER 100nF 0805 in C:\Users\Public\Documents\Altium\Projects\HOME_SECURITY_SYSTEM\Power_Managment.SchDoc with CAP CER 100nF 0805 from HOME_SECURITY_SYSTEM_PROJECT_LIB.IntLib
Replace Part C13 CAP CER 1uF 0805 in C:\Users\Public\Documents\Altium\Projects\HOME_SECURITY_SYSTEM\Power_Managment.SchDoc with CAP CER 1uF 0805 from HOME_SECURITY_SYSTEM_PROJECT_LIB.IntLib
Replace Part C14 CAP ALU 68uF in C:\Users\Public\Documents\Altium\Projects\HOME_SECURITY_SYSTEM\Power_Managment.SchDoc with CAP ALU 68uF from HOME_SECURITY_SYSTEM_PROJECT_LIB.IntLib
Replace Part D1 1N4148WS in C:\Users\Public\Documents\Altium\Projects\HOME_SECURITY_SYSTEM\Power_Managment.SchDoc with 1N4148WS from HOME_SECURITY_SYSTEM_PROJECT_LIB.IntLib
Replace Part D2 1N4148WS in C:\Users\Public\Documents\Altium\Projects\HOME_SECURITY_SYSTEM\Power_Managment.SchDoc with 1N4148WS from HOME_SECURITY_SYSTEM_PROJECT_LIB.IntLib
Replace Part D3 1N4148WS in C:\Users\Public\Documents\Altium\Projects\HOME_SECURITY_SYSTEM\Power_Managment.SchDoc with 1N4148WS from HOME_SECURITY_SYSTEM_PROJECT_LIB.IntLib
Replace Part D4 1SMB5919BT3G in C:\Users\Public\Documents\Altium\Projects\HOME_SECURITY_SYSTEM\Power_Managment.SchDoc with 1SMB5919BT3G from HOME_SECURITY_SYSTEM_PROJECT_LIB.IntLib
Replace Part F1 FUSE 3413.0216.22 in C:\Users\Public\Documents\Altium\Projects\HOME_SECURITY_SYSTEM\Power_Managment.SchDoc with FUSE 3413.0216.22 from HOME_SECURITY_SYSTEM_PROJECT_LIB.IntLib
Replace Part J1 SMH-105-02-L-S in C:\Users\Public\Documents\Altium\Projects\HOME_SECURITY_SYSTEM\Power_Managment.SchDoc with SMH-105-02-L-S from HOME_SECURITY_SYSTEM_PROJECT_LIB.IntLib
Replace Part J2 TBP01R1-508-02BE in C:\Users\Public\Documents\Altium\Projects\HOME_SECURITY_SYSTEM\Power_Managment.SchDoc with TBP01R1-508-02BE from HOME_SECURITY_SYSTEM_PROJECT_LIB.IntLib
Replace Part J3 TBP01R1-508-02BE in C:\Users\Public\Documents\Altium\Projects\HOME_SECURITY_SYSTEM\Power_Managment.SchDoc with TBP01R1-508-02BE from HOME_SECURITY_SYSTEM_PROJECT_LIB.IntLib
Replace Part J4 TBP01R1-508-02BE in C:\Users\Public\Documents\Altium\Projects\HOME_SECURITY_SYSTEM\Power_Managment.SchDoc with TBP01R1-508-02BE from HOME_SECURITY_SYSTEM_PROJECT_LIB.IntLib
Replace Part J5 PJ-037AH-SMT-TR in C:\Users\Public\Documents\Altium\Projects\HOME_SECURITY_SYSTEM\Power_Managment.SchDoc with PJ-037AH-SMT-TR from HOME_SECURITY_SYSTEM_PROJECT_LIB.IntLib
Replace Part J6 PJ-037AH-SMT-TR in C:\Users\Public\Documents\Altium\Projects\HOME_SECURITY_SYSTEM\Power_Managment.SchDoc with PJ-037AH-SMT-TR from HOME_SECURITY_SYSTEM_PROJECT_LIB.IntLib
Replace Part J7 SMH-105-02-L-S in C:\Users\Public\Documents\Altium\Projects\HOME_SECURITY_SYSTEM\Power_Managment.SchDoc with SMH-105-02-L-S from HOME_SECURITY_SYSTEM_PROJECT_LIB.IntLib
Replace Part J8 64800611622_conn_6pin in C:\Users\Public\Documents\Altium\Projects\HOME_SECURITY_SYSTEM\Power_Managment.SchDoc with 64800611622_conn_6pin from HOME_SECURITY_SYSTEM_PROJECT_LIB.IntLib
Replace Part L1 IND 47uH in C:\Users\Public\Documents\Altium\Projects\HOME_SECURITY_SYSTEM\Power_Managment.SchDoc with IND 47uH from HOME_SECURITY_SYSTEM_PROJECT_LIB.IntLib
Replace Part Q1 MMBT3904-7-F in C:\Users\Public\Documents\Altium\Projects\HOME_SECURITY_SYSTEM\Power_Managment.SchDoc with MMBT3904-7-F from HOME_SECURITY_SYSTEM_PROJECT_LIB.IntLib
Replace Part Q2 MMBT3904-7-F in C:\Users\Public\Documents\Altium\Projects\HOME_SECURITY_SYSTEM\Power_Managment.SchDoc with MMBT3904-7-F from HOME_SECURITY_SYSTEM_PROJECT_LIB.IntLib
Replace Part R1 RES 1K OHM 0603 in C:\Users\Public\Documents\Altium\Projects\HOME_SECURITY_SYSTEM\Power_Managment.SchDoc with RES 1K OHM 0603 from HOME_SECURITY_SYSTEM_PROJECT_LIB.IntLib
Replace Part R2 5WD27 in C:\Users\Public\Documents\Altium\Projects\HOME_SECURITY_SYSTEM\Power_Managment.SchDoc with 5WD27 from HOME_SECURITY_SYSTEM_PROJECT_LIB.IntLib
Replace Part R3 RES 10K OHM 0603 in C:\Users\Public\Documents\Altium\Projects\HOME_SECURITY_SYSTEM\Power_Managment.SchDoc with RES 10K OHM 0603 from HOME_SECURITY_SYSTEM_PROJECT_LIB.IntLib
Replace Part R4 RES 1K OHM 0603 in C:\Users\Public\Documents\Altium\Projects\HOME_SECURITY_SYSTEM\Power_Managment.SchDoc with RES 1K OHM 0603 from HOME_SECURITY_SYSTEM_PROJECT_LIB.IntLib
Replace Part R5 RES 10K OHM 0603 in C:\Users\Public\Documents\Altium\Projects\HOME_SECURITY_SYSTEM\Power_Managment.SchDoc with RES 10K OHM 0603 from HOME_SECURITY_SYSTEM_PROJECT_LIB.IntLib
Replace Part RL1 ALQ112 in C:\Users\Public\Documents\Altium\Projects\HOME_SECURITY_SYSTEM\Power_Managment.SchDoc with ALQ112 from HOME_SECURITY_SYSTEM_PROJECT_LIB.IntLib
Replace Part RL2 ALQ112 in C:\Users\Public\Documents\Altium\Projects\HOME_SECURITY_SYSTEM\Power_Managment.SchDoc with ALQ112 from HOME_SECURITY_SYSTEM_PROJECT_LIB.IntLib
Replace Part T1 BV302S12010-ZU in C:\Users\Public\Documents\Altium\Projects\HOME_SECURITY_SYSTEM\Power_Managment.SchDoc with BV302S12010-ZU from HOME_SECURITY_SYSTEM_PROJECT_LIB.IntLib
Replace Part U1 AP7361-33E-13 in C:\Users\Public\Documents\Altium\Projects\HOME_SECURITY_SYSTEM\Power_Managment.SchDoc with AP7361-33E-13 from HOME_SECURITY_SYSTEM_PROJECT_LIB.IntLib
Replace Part U2 LM2675MX-12/NOPB in C:\Users\Public\Documents\Altium\Projects\HOME_SECURITY_SYSTEM\Power_Managment.SchDoc with LM2675MX-12/NOPB from HOME_SECURITY_SYSTEM_PROJECT_LIB.IntLib
Replace Part USB1 Micro B USB Connector in C:\Users\Public\Documents\Altium\Projects\HOME_SECURITY_SYSTEM\Power_Managment.SchDoc with Micro B USB Connector from HOME_SECURITY_SYSTEM_PROJECT_LIB.IntLib
